====================================
Types potentially sent from browser:
====================================

Reachable types computed on: Tue Aug 21 22:17:43 WEST 2012
E
   Serialization status
      Not serializable
   Path
      'E' is reachable from field 'exposeElement' of type 'java.util.ArrayList<E>'
      'java.util.ArrayList<org.jorgecardoso.purewidgets.demo.everybodyvotes.shared.dao.EBVPollOptionDao>' is reachable as a subtype of type 'class java.util.ArrayList<org.jorgecardoso.purewidgets.demo.everybodyvotes.shared.dao.EBVPollOptionDao>'
      'java.util.ArrayList<org.jorgecardoso.purewidgets.demo.everybodyvotes.shared.dao.EBVPollOptionDao>' is reachable from field 'pollOptions' of type 'org.jorgecardoso.purewidgets.demo.everybodyvotes.shared.dao.EBVPollDao'
      'org.jorgecardoso.purewidgets.demo.everybodyvotes.shared.dao.EBVPollDao' is reachable as a subtype of type 'class org.jorgecardoso.purewidgets.demo.everybodyvotes.shared.dao.EBVPollDao'
      Started from 'org.jorgecardoso.purewidgets.demo.everybodyvotes.shared.dao.EBVPollDao'

com.google.gwt.user.client.rpc.IncompatibleRemoteServiceException
   Serialization status
      Instantiable
   Path
      Started from 'com.google.gwt.user.client.rpc.IncompatibleRemoteServiceException'

com.google.gwt.user.client.rpc.XsrfToken
   Serialization status
      Instantiable
   Path
      Started from 'com.google.gwt.user.client.rpc.XsrfToken'

int
   Serialization status
      Not serializable
   Path
      'int' is reachable from field 'votes' of type 'org.jorgecardoso.purewidgets.demo.everybodyvotes.shared.dao.EBVPollOptionDao'
      'org.jorgecardoso.purewidgets.demo.everybodyvotes.shared.dao.EBVPollOptionDao' is reachable as a subtype of type 'class org.jorgecardoso.purewidgets.demo.everybodyvotes.shared.dao.EBVPollOptionDao'
      'org.jorgecardoso.purewidgets.demo.everybodyvotes.shared.dao.EBVPollOptionDao' is reachable from type argument 0 of type 'java.util.ArrayList<E>'
      'java.util.ArrayList<org.jorgecardoso.purewidgets.demo.everybodyvotes.shared.dao.EBVPollOptionDao>' is reachable as a subtype of type 'class java.util.ArrayList<org.jorgecardoso.purewidgets.demo.everybodyvotes.shared.dao.EBVPollOptionDao>'
      'java.util.ArrayList<org.jorgecardoso.purewidgets.demo.everybodyvotes.shared.dao.EBVPollOptionDao>' is reachable from field 'pollOptions' of type 'org.jorgecardoso.purewidgets.demo.everybodyvotes.shared.dao.EBVPollDao'
      'org.jorgecardoso.purewidgets.demo.everybodyvotes.shared.dao.EBVPollDao' is reachable as a subtype of type 'class org.jorgecardoso.purewidgets.demo.everybodyvotes.shared.dao.EBVPollDao'
      Started from 'org.jorgecardoso.purewidgets.demo.everybodyvotes.shared.dao.EBVPollDao'

java.lang.Exception
   Serialization status
      Field serializable
   Path
      'java.lang.Exception' is reachable as a supertype of type 'class java.lang.RuntimeException'
      'java.lang.RuntimeException' is reachable as a supertype of type 'class com.google.gwt.user.client.rpc.IncompatibleRemoteServiceException'
      'com.google.gwt.user.client.rpc.IncompatibleRemoteServiceException' is reachable as a subtype of type 'class com.google.gwt.user.client.rpc.IncompatibleRemoteServiceException'
      Started from 'com.google.gwt.user.client.rpc.IncompatibleRemoteServiceException'

java.lang.Long
   Serialization status
      Instantiable
   Path
      'java.lang.Long' is reachable from field 'pollId' of type 'org.jorgecardoso.purewidgets.demo.everybodyvotes.shared.dao.EBVPollDao'
      'org.jorgecardoso.purewidgets.demo.everybodyvotes.shared.dao.EBVPollDao' is reachable as a subtype of type 'class org.jorgecardoso.purewidgets.demo.everybodyvotes.shared.dao.EBVPollDao'
      Started from 'org.jorgecardoso.purewidgets.demo.everybodyvotes.shared.dao.EBVPollDao'

java.lang.Number
   Serialization status
      Field serializable
   Path
      'java.lang.Number' is reachable as a supertype of type 'class java.lang.Long'
      'java.lang.Long' is reachable as a subtype of type 'class java.lang.Long'
      'java.lang.Long' is reachable from field 'pollId' of type 'org.jorgecardoso.purewidgets.demo.everybodyvotes.shared.dao.EBVPollDao'
      'org.jorgecardoso.purewidgets.demo.everybodyvotes.shared.dao.EBVPollDao' is reachable as a subtype of type 'class org.jorgecardoso.purewidgets.demo.everybodyvotes.shared.dao.EBVPollDao'
      Started from 'org.jorgecardoso.purewidgets.demo.everybodyvotes.shared.dao.EBVPollDao'

java.lang.RuntimeException
   Serialization status
      Field serializable
   Path
      'java.lang.RuntimeException' is reachable as a supertype of type 'class com.google.gwt.user.client.rpc.IncompatibleRemoteServiceException'
      'com.google.gwt.user.client.rpc.IncompatibleRemoteServiceException' is reachable as a subtype of type 'class com.google.gwt.user.client.rpc.IncompatibleRemoteServiceException'
      Started from 'com.google.gwt.user.client.rpc.IncompatibleRemoteServiceException'

java.lang.String
   Serialization status
      Instantiable
   Path
      Started from 'java.lang.String'

java.lang.Throwable
   Serialization status
      Field serializable
   Path
      'java.lang.Throwable' is reachable as a supertype of type 'class java.lang.Exception'
      'java.lang.Exception' is reachable as a supertype of type 'class java.lang.RuntimeException'
      'java.lang.RuntimeException' is reachable as a supertype of type 'class com.google.gwt.user.client.rpc.IncompatibleRemoteServiceException'
      'com.google.gwt.user.client.rpc.IncompatibleRemoteServiceException' is reachable as a subtype of type 'class com.google.gwt.user.client.rpc.IncompatibleRemoteServiceException'
      Started from 'com.google.gwt.user.client.rpc.IncompatibleRemoteServiceException'

java.util.ArrayList<java.lang.String>
   Serialization status
      Instantiable
   Path
      'java.util.ArrayList<java.lang.String>' is reachable from field 'voters' of type 'org.jorgecardoso.purewidgets.demo.everybodyvotes.shared.dao.EBVPollDao'
      'org.jorgecardoso.purewidgets.demo.everybodyvotes.shared.dao.EBVPollDao' is reachable as a subtype of type 'class org.jorgecardoso.purewidgets.demo.everybodyvotes.shared.dao.EBVPollDao'
      Started from 'org.jorgecardoso.purewidgets.demo.everybodyvotes.shared.dao.EBVPollDao'

java.util.ArrayList<org.jorgecardoso.purewidgets.demo.everybodyvotes.shared.dao.EBVPollOptionDao>
   Serialization status
      Instantiable
   Path
      'java.util.ArrayList<org.jorgecardoso.purewidgets.demo.everybodyvotes.shared.dao.EBVPollOptionDao>' is reachable from field 'pollOptions' of type 'org.jorgecardoso.purewidgets.demo.everybodyvotes.shared.dao.EBVPollDao'
      'org.jorgecardoso.purewidgets.demo.everybodyvotes.shared.dao.EBVPollDao' is reachable as a subtype of type 'class org.jorgecardoso.purewidgets.demo.everybodyvotes.shared.dao.EBVPollDao'
      Started from 'org.jorgecardoso.purewidgets.demo.everybodyvotes.shared.dao.EBVPollDao'

long
   Serialization status
      Not serializable
   Path
      'long' is reachable from field 'closesOn' of type 'org.jorgecardoso.purewidgets.demo.everybodyvotes.shared.dao.EBVPollDao'
      'org.jorgecardoso.purewidgets.demo.everybodyvotes.shared.dao.EBVPollDao' is reachable as a subtype of type 'class org.jorgecardoso.purewidgets.demo.everybodyvotes.shared.dao.EBVPollDao'
      Started from 'org.jorgecardoso.purewidgets.demo.everybodyvotes.shared.dao.EBVPollDao'

org.jorgecardoso.purewidgets.demo.everybodyvotes.shared.dao.EBVPollDao
   Serialization status
      Instantiable
   Path
      Started from 'org.jorgecardoso.purewidgets.demo.everybodyvotes.shared.dao.EBVPollDao'

org.jorgecardoso.purewidgets.demo.everybodyvotes.shared.dao.EBVPollOptionDao
   Serialization status
      Instantiable
   Path
      'org.jorgecardoso.purewidgets.demo.everybodyvotes.shared.dao.EBVPollOptionDao' is reachable from type argument 0 of type 'java.util.ArrayList<E>'
      'java.util.ArrayList<org.jorgecardoso.purewidgets.demo.everybodyvotes.shared.dao.EBVPollOptionDao>' is reachable as a subtype of type 'class java.util.ArrayList<org.jorgecardoso.purewidgets.demo.everybodyvotes.shared.dao.EBVPollOptionDao>'
      'java.util.ArrayList<org.jorgecardoso.purewidgets.demo.everybodyvotes.shared.dao.EBVPollOptionDao>' is reachable from field 'pollOptions' of type 'org.jorgecardoso.purewidgets.demo.everybodyvotes.shared.dao.EBVPollDao'
      'org.jorgecardoso.purewidgets.demo.everybodyvotes.shared.dao.EBVPollDao' is reachable as a subtype of type 'class org.jorgecardoso.purewidgets.demo.everybodyvotes.shared.dao.EBVPollDao'
      Started from 'org.jorgecardoso.purewidgets.demo.everybodyvotes.shared.dao.EBVPollDao'

===================================
Types potentially sent from server:
===================================

Reachable types computed on: Tue Aug 21 22:17:43 WEST 2012
E
   Serialization status
      Not serializable
   Path
      'E' is reachable from field 'element' of type 'java.util.Collections.SingletonList<E>'
      'java.util.Collections.SingletonList<org.jorgecardoso.purewidgets.demo.everybodyvotes.shared.dao.EBVPollDao>' is reachable as a subtype of type 'interface java.util.List<org.jorgecardoso.purewidgets.demo.everybodyvotes.shared.dao.EBVPollDao>'
      Started from 'java.util.List<org.jorgecardoso.purewidgets.demo.everybodyvotes.shared.dao.EBVPollDao>'

E
   Serialization status
      Not serializable
   Path
      'E' is reachable from field 'exposeElement' of type 'java.util.LinkedList<E>'
      'java.util.LinkedList<org.jorgecardoso.purewidgets.demo.everybodyvotes.shared.dao.EBVPollDao>' is reachable as a subtype of type 'interface java.util.List<org.jorgecardoso.purewidgets.demo.everybodyvotes.shared.dao.EBVPollDao>'
      Started from 'java.util.List<org.jorgecardoso.purewidgets.demo.everybodyvotes.shared.dao.EBVPollDao>'

E
   Serialization status
      Not serializable
   Path
      'E' is reachable from field 'exposeElement' of type 'java.util.Vector<E>'
      'java.util.Vector<org.jorgecardoso.purewidgets.demo.everybodyvotes.shared.dao.EBVPollDao>' is reachable as a supertype of type 'class java.util.Stack<org.jorgecardoso.purewidgets.demo.everybodyvotes.shared.dao.EBVPollDao>'
      'java.util.Stack<org.jorgecardoso.purewidgets.demo.everybodyvotes.shared.dao.EBVPollDao>' is reachable as a subtype of type 'interface java.util.List<org.jorgecardoso.purewidgets.demo.everybodyvotes.shared.dao.EBVPollDao>'
      Started from 'java.util.List<org.jorgecardoso.purewidgets.demo.everybodyvotes.shared.dao.EBVPollDao>'

E
   Serialization status
      Not serializable
   Path
      'E' is reachable from field 'exposeElement' of type 'java.util.ArrayList<E>'
      'java.util.ArrayList<org.jorgecardoso.purewidgets.demo.everybodyvotes.shared.dao.EBVPollOptionDao>' is reachable as a subtype of type 'class java.util.ArrayList<org.jorgecardoso.purewidgets.demo.everybodyvotes.shared.dao.EBVPollOptionDao>'
      'java.util.ArrayList<org.jorgecardoso.purewidgets.demo.everybodyvotes.shared.dao.EBVPollOptionDao>' is reachable from field 'pollOptions' of type 'org.jorgecardoso.purewidgets.demo.everybodyvotes.shared.dao.EBVPollDao'
      'org.jorgecardoso.purewidgets.demo.everybodyvotes.shared.dao.EBVPollDao' is reachable as a subtype of type 'class org.jorgecardoso.purewidgets.demo.everybodyvotes.shared.dao.EBVPollDao'
      'org.jorgecardoso.purewidgets.demo.everybodyvotes.shared.dao.EBVPollDao' is reachable from type argument 0 of type 'java.util.LinkedList<E>'
      'java.util.LinkedList<org.jorgecardoso.purewidgets.demo.everybodyvotes.shared.dao.EBVPollDao>' is reachable as a subtype of type 'interface java.util.List<org.jorgecardoso.purewidgets.demo.everybodyvotes.shared.dao.EBVPollDao>'
      Started from 'java.util.List<org.jorgecardoso.purewidgets.demo.everybodyvotes.shared.dao.EBVPollDao>'

E[]
   Serialization status
      Not serializable
   Path
      'E[]' is reachable from field 'array' of type 'java.util.Arrays.ArrayList<E>'
      'java.util.Arrays.ArrayList<org.jorgecardoso.purewidgets.demo.everybodyvotes.shared.dao.EBVPollDao>' is reachable as a subtype of type 'interface java.util.List<org.jorgecardoso.purewidgets.demo.everybodyvotes.shared.dao.EBVPollDao>'
      Started from 'java.util.List<org.jorgecardoso.purewidgets.demo.everybodyvotes.shared.dao.EBVPollDao>'

com.google.gwt.user.client.rpc.IncompatibleRemoteServiceException
   Serialization status
      Instantiable
   Path
      Started from 'com.google.gwt.user.client.rpc.IncompatibleRemoteServiceException'

com.google.gwt.user.client.rpc.RpcTokenException
   Serialization status
      Instantiable
   Path
      Started from 'com.google.gwt.user.client.rpc.RpcTokenException'

int
   Serialization status
      Not serializable
   Path
      'int' is reachable from field 'votes' of type 'org.jorgecardoso.purewidgets.demo.everybodyvotes.shared.dao.EBVPollOptionDao'
      'org.jorgecardoso.purewidgets.demo.everybodyvotes.shared.dao.EBVPollOptionDao' is reachable as a subtype of type 'class org.jorgecardoso.purewidgets.demo.everybodyvotes.shared.dao.EBVPollOptionDao'
      'org.jorgecardoso.purewidgets.demo.everybodyvotes.shared.dao.EBVPollOptionDao' is reachable from type argument 0 of type 'java.util.ArrayList<E>'
      'java.util.ArrayList<org.jorgecardoso.purewidgets.demo.everybodyvotes.shared.dao.EBVPollOptionDao>' is reachable as a subtype of type 'class java.util.ArrayList<org.jorgecardoso.purewidgets.demo.everybodyvotes.shared.dao.EBVPollOptionDao>'
      'java.util.ArrayList<org.jorgecardoso.purewidgets.demo.everybodyvotes.shared.dao.EBVPollOptionDao>' is reachable from field 'pollOptions' of type 'org.jorgecardoso.purewidgets.demo.everybodyvotes.shared.dao.EBVPollDao'
      'org.jorgecardoso.purewidgets.demo.everybodyvotes.shared.dao.EBVPollDao' is reachable as a subtype of type 'class org.jorgecardoso.purewidgets.demo.everybodyvotes.shared.dao.EBVPollDao'
      'org.jorgecardoso.purewidgets.demo.everybodyvotes.shared.dao.EBVPollDao' is reachable from type argument 0 of type 'java.util.LinkedList<E>'
      'java.util.LinkedList<org.jorgecardoso.purewidgets.demo.everybodyvotes.shared.dao.EBVPollDao>' is reachable as a subtype of type 'interface java.util.List<org.jorgecardoso.purewidgets.demo.everybodyvotes.shared.dao.EBVPollDao>'
      Started from 'java.util.List<org.jorgecardoso.purewidgets.demo.everybodyvotes.shared.dao.EBVPollDao>'

java.lang.Exception
   Serialization status
      Field serializable
   Path
      'java.lang.Exception' is reachable as a supertype of type 'class java.lang.RuntimeException'
      'java.lang.RuntimeException' is reachable as a supertype of type 'class com.google.gwt.user.client.rpc.IncompatibleRemoteServiceException'
      'com.google.gwt.user.client.rpc.IncompatibleRemoteServiceException' is reachable as a subtype of type 'class com.google.gwt.user.client.rpc.IncompatibleRemoteServiceException'
      Started from 'com.google.gwt.user.client.rpc.IncompatibleRemoteServiceException'

java.lang.Long
   Serialization status
      Instantiable
   Path
      'java.lang.Long' is reachable from field 'pollId' of type 'org.jorgecardoso.purewidgets.demo.everybodyvotes.shared.dao.EBVPollDao'
      'org.jorgecardoso.purewidgets.demo.everybodyvotes.shared.dao.EBVPollDao' is reachable as a subtype of type 'class org.jorgecardoso.purewidgets.demo.everybodyvotes.shared.dao.EBVPollDao'
      'org.jorgecardoso.purewidgets.demo.everybodyvotes.shared.dao.EBVPollDao' is reachable from type argument 0 of type 'java.util.LinkedList<E>'
      'java.util.LinkedList<org.jorgecardoso.purewidgets.demo.everybodyvotes.shared.dao.EBVPollDao>' is reachable as a subtype of type 'interface java.util.List<org.jorgecardoso.purewidgets.demo.everybodyvotes.shared.dao.EBVPollDao>'
      Started from 'java.util.List<org.jorgecardoso.purewidgets.demo.everybodyvotes.shared.dao.EBVPollDao>'

java.lang.Number
   Serialization status
      Field serializable
   Path
      'java.lang.Number' is reachable as a supertype of type 'class java.lang.Long'
      'java.lang.Long' is reachable as a subtype of type 'class java.lang.Long'
      'java.lang.Long' is reachable from field 'pollId' of type 'org.jorgecardoso.purewidgets.demo.everybodyvotes.shared.dao.EBVPollDao'
      'org.jorgecardoso.purewidgets.demo.everybodyvotes.shared.dao.EBVPollDao' is reachable as a subtype of type 'class org.jorgecardoso.purewidgets.demo.everybodyvotes.shared.dao.EBVPollDao'
      'org.jorgecardoso.purewidgets.demo.everybodyvotes.shared.dao.EBVPollDao' is reachable from type argument 0 of type 'java.util.LinkedList<E>'
      'java.util.LinkedList<org.jorgecardoso.purewidgets.demo.everybodyvotes.shared.dao.EBVPollDao>' is reachable as a subtype of type 'interface java.util.List<org.jorgecardoso.purewidgets.demo.everybodyvotes.shared.dao.EBVPollDao>'
      Started from 'java.util.List<org.jorgecardoso.purewidgets.demo.everybodyvotes.shared.dao.EBVPollDao>'

java.lang.RuntimeException
   Serialization status
      Field serializable
   Path
      'java.lang.RuntimeException' is reachable as a supertype of type 'class com.google.gwt.user.client.rpc.IncompatibleRemoteServiceException'
      'com.google.gwt.user.client.rpc.IncompatibleRemoteServiceException' is reachable as a subtype of type 'class com.google.gwt.user.client.rpc.IncompatibleRemoteServiceException'
      Started from 'com.google.gwt.user.client.rpc.IncompatibleRemoteServiceException'

java.lang.String
   Serialization status
      Instantiable
   Path
      Started from 'java.lang.String'

java.lang.Throwable
   Serialization status
      Field serializable
   Path
      'java.lang.Throwable' is reachable as a supertype of type 'class java.lang.Exception'
      'java.lang.Exception' is reachable as a supertype of type 'class java.lang.RuntimeException'
      'java.lang.RuntimeException' is reachable as a supertype of type 'class com.google.gwt.user.client.rpc.IncompatibleRemoteServiceException'
      'com.google.gwt.user.client.rpc.IncompatibleRemoteServiceException' is reachable as a subtype of type 'class com.google.gwt.user.client.rpc.IncompatibleRemoteServiceException'
      Started from 'com.google.gwt.user.client.rpc.IncompatibleRemoteServiceException'

java.util.ArrayList<org.jorgecardoso.purewidgets.demo.everybodyvotes.shared.dao.EBVPollDao>
   Serialization status
      Instantiable
   Path
      'java.util.ArrayList<org.jorgecardoso.purewidgets.demo.everybodyvotes.shared.dao.EBVPollDao>' is reachable as a subtype of type 'interface java.util.List<org.jorgecardoso.purewidgets.demo.everybodyvotes.shared.dao.EBVPollDao>'
      Started from 'java.util.List<org.jorgecardoso.purewidgets.demo.everybodyvotes.shared.dao.EBVPollDao>'

java.util.ArrayList<org.jorgecardoso.purewidgets.demo.everybodyvotes.shared.dao.EBVPollOptionDao>
   Serialization status
      Instantiable
   Path
      'java.util.ArrayList<org.jorgecardoso.purewidgets.demo.everybodyvotes.shared.dao.EBVPollOptionDao>' is reachable from field 'pollOptions' of type 'org.jorgecardoso.purewidgets.demo.everybodyvotes.shared.dao.EBVPollDao'
      'org.jorgecardoso.purewidgets.demo.everybodyvotes.shared.dao.EBVPollDao' is reachable as a subtype of type 'class org.jorgecardoso.purewidgets.demo.everybodyvotes.shared.dao.EBVPollDao'
      'org.jorgecardoso.purewidgets.demo.everybodyvotes.shared.dao.EBVPollDao' is reachable from type argument 0 of type 'java.util.LinkedList<E>'
      'java.util.LinkedList<org.jorgecardoso.purewidgets.demo.everybodyvotes.shared.dao.EBVPollDao>' is reachable as a subtype of type 'interface java.util.List<org.jorgecardoso.purewidgets.demo.everybodyvotes.shared.dao.EBVPollDao>'
      Started from 'java.util.List<org.jorgecardoso.purewidgets.demo.everybodyvotes.shared.dao.EBVPollDao>'

java.util.ArrayList<java.lang.String>
   Serialization status
      Instantiable
   Path
      'java.util.ArrayList<java.lang.String>' is reachable from field 'voters' of type 'org.jorgecardoso.purewidgets.demo.everybodyvotes.shared.dao.EBVPollDao'
      'org.jorgecardoso.purewidgets.demo.everybodyvotes.shared.dao.EBVPollDao' is reachable as a subtype of type 'class org.jorgecardoso.purewidgets.demo.everybodyvotes.shared.dao.EBVPollDao'
      'org.jorgecardoso.purewidgets.demo.everybodyvotes.shared.dao.EBVPollDao' is reachable from type argument 0 of type 'java.util.LinkedList<E>'
      'java.util.LinkedList<org.jorgecardoso.purewidgets.demo.everybodyvotes.shared.dao.EBVPollDao>' is reachable as a subtype of type 'interface java.util.List<org.jorgecardoso.purewidgets.demo.everybodyvotes.shared.dao.EBVPollDao>'
      Started from 'java.util.List<org.jorgecardoso.purewidgets.demo.everybodyvotes.shared.dao.EBVPollDao>'

java.util.Arrays.ArrayList<org.jorgecardoso.purewidgets.demo.everybodyvotes.shared.dao.EBVPollDao>
   Serialization status
      Instantiable
   Path
      'java.util.Arrays.ArrayList<org.jorgecardoso.purewidgets.demo.everybodyvotes.shared.dao.EBVPollDao>' is reachable as a subtype of type 'interface java.util.List<org.jorgecardoso.purewidgets.demo.everybodyvotes.shared.dao.EBVPollDao>'
      Started from 'java.util.List<org.jorgecardoso.purewidgets.demo.everybodyvotes.shared.dao.EBVPollDao>'

java.util.Collections.EmptyList
   Serialization status
      Instantiable
   Path
      'java.util.Collections.EmptyList' is reachable as a subtype of type 'interface java.util.List<org.jorgecardoso.purewidgets.demo.everybodyvotes.shared.dao.EBVPollDao>'
      Started from 'java.util.List<org.jorgecardoso.purewidgets.demo.everybodyvotes.shared.dao.EBVPollDao>'

java.util.Collections.SingletonList<org.jorgecardoso.purewidgets.demo.everybodyvotes.shared.dao.EBVPollDao>
   Serialization status
      Instantiable
   Path
      'java.util.Collections.SingletonList<org.jorgecardoso.purewidgets.demo.everybodyvotes.shared.dao.EBVPollDao>' is reachable as a subtype of type 'interface java.util.List<org.jorgecardoso.purewidgets.demo.everybodyvotes.shared.dao.EBVPollDao>'
      Started from 'java.util.List<org.jorgecardoso.purewidgets.demo.everybodyvotes.shared.dao.EBVPollDao>'

java.util.LinkedList<org.jorgecardoso.purewidgets.demo.everybodyvotes.shared.dao.EBVPollDao>
   Serialization status
      Instantiable
   Path
      'java.util.LinkedList<org.jorgecardoso.purewidgets.demo.everybodyvotes.shared.dao.EBVPollDao>' is reachable as a subtype of type 'interface java.util.List<org.jorgecardoso.purewidgets.demo.everybodyvotes.shared.dao.EBVPollDao>'
      Started from 'java.util.List<org.jorgecardoso.purewidgets.demo.everybodyvotes.shared.dao.EBVPollDao>'

java.util.LinkedList.Node<E>
   Serialization status
      Not serializable
   Path
      'java.util.LinkedList.Node<E>' is reachable from field 'header' of type 'java.util.LinkedList<E>'
      'java.util.LinkedList<org.jorgecardoso.purewidgets.demo.everybodyvotes.shared.dao.EBVPollDao>' is reachable as a subtype of type 'interface java.util.List<org.jorgecardoso.purewidgets.demo.everybodyvotes.shared.dao.EBVPollDao>'
      Started from 'java.util.List<org.jorgecardoso.purewidgets.demo.everybodyvotes.shared.dao.EBVPollDao>'

java.util.List<org.jorgecardoso.purewidgets.demo.everybodyvotes.shared.dao.EBVPollDao>
   Serialization status
      Not serializable
   Path
      Started from 'java.util.List<org.jorgecardoso.purewidgets.demo.everybodyvotes.shared.dao.EBVPollDao>'

java.util.Stack<org.jorgecardoso.purewidgets.demo.everybodyvotes.shared.dao.EBVPollDao>
   Serialization status
      Instantiable
   Path
      'java.util.Stack<org.jorgecardoso.purewidgets.demo.everybodyvotes.shared.dao.EBVPollDao>' is reachable as a subtype of type 'interface java.util.List<org.jorgecardoso.purewidgets.demo.everybodyvotes.shared.dao.EBVPollDao>'
      Started from 'java.util.List<org.jorgecardoso.purewidgets.demo.everybodyvotes.shared.dao.EBVPollDao>'

java.util.Vector<org.jorgecardoso.purewidgets.demo.everybodyvotes.shared.dao.EBVPollDao>
   Serialization status
      Instantiable
   Path
      'java.util.Vector<org.jorgecardoso.purewidgets.demo.everybodyvotes.shared.dao.EBVPollDao>' is reachable as a supertype of type 'class java.util.Stack<org.jorgecardoso.purewidgets.demo.everybodyvotes.shared.dao.EBVPollDao>'
      'java.util.Stack<org.jorgecardoso.purewidgets.demo.everybodyvotes.shared.dao.EBVPollDao>' is reachable as a subtype of type 'interface java.util.List<org.jorgecardoso.purewidgets.demo.everybodyvotes.shared.dao.EBVPollDao>'
      Started from 'java.util.List<org.jorgecardoso.purewidgets.demo.everybodyvotes.shared.dao.EBVPollDao>'

long
   Serialization status
      Not serializable
   Path
      'long' is reachable from field 'closesOn' of type 'org.jorgecardoso.purewidgets.demo.everybodyvotes.shared.dao.EBVPollDao'
      'org.jorgecardoso.purewidgets.demo.everybodyvotes.shared.dao.EBVPollDao' is reachable as a subtype of type 'class org.jorgecardoso.purewidgets.demo.everybodyvotes.shared.dao.EBVPollDao'
      'org.jorgecardoso.purewidgets.demo.everybodyvotes.shared.dao.EBVPollDao' is reachable from type argument 0 of type 'java.util.LinkedList<E>'
      'java.util.LinkedList<org.jorgecardoso.purewidgets.demo.everybodyvotes.shared.dao.EBVPollDao>' is reachable as a subtype of type 'interface java.util.List<org.jorgecardoso.purewidgets.demo.everybodyvotes.shared.dao.EBVPollDao>'
      Started from 'java.util.List<org.jorgecardoso.purewidgets.demo.everybodyvotes.shared.dao.EBVPollDao>'

org.jorgecardoso.purewidgets.demo.everybodyvotes.shared.dao.EBVPollDao
   Serialization status
      Instantiable
   Path
      'org.jorgecardoso.purewidgets.demo.everybodyvotes.shared.dao.EBVPollDao' is reachable from type argument 0 of type 'java.util.LinkedList<E>'
      'java.util.LinkedList<org.jorgecardoso.purewidgets.demo.everybodyvotes.shared.dao.EBVPollDao>' is reachable as a subtype of type 'interface java.util.List<org.jorgecardoso.purewidgets.demo.everybodyvotes.shared.dao.EBVPollDao>'
      Started from 'java.util.List<org.jorgecardoso.purewidgets.demo.everybodyvotes.shared.dao.EBVPollDao>'

org.jorgecardoso.purewidgets.demo.everybodyvotes.shared.dao.EBVPollDao[]
   Serialization status
      Instantiable
   Path
      'org.jorgecardoso.purewidgets.demo.everybodyvotes.shared.dao.EBVPollDao' is reachable from type argument 0 of type 'java.util.Arrays.ArrayList<E>'
      'java.util.Arrays.ArrayList<org.jorgecardoso.purewidgets.demo.everybodyvotes.shared.dao.EBVPollDao>' is reachable as a subtype of type 'interface java.util.List<org.jorgecardoso.purewidgets.demo.everybodyvotes.shared.dao.EBVPollDao>'
      Started from 'java.util.List<org.jorgecardoso.purewidgets.demo.everybodyvotes.shared.dao.EBVPollDao>'

org.jorgecardoso.purewidgets.demo.everybodyvotes.shared.dao.EBVPollOptionDao
   Serialization status
      Instantiable
   Path
      'org.jorgecardoso.purewidgets.demo.everybodyvotes.shared.dao.EBVPollOptionDao' is reachable from type argument 0 of type 'java.util.ArrayList<E>'
      'java.util.ArrayList<org.jorgecardoso.purewidgets.demo.everybodyvotes.shared.dao.EBVPollOptionDao>' is reachable as a subtype of type 'class java.util.ArrayList<org.jorgecardoso.purewidgets.demo.everybodyvotes.shared.dao.EBVPollOptionDao>'
      'java.util.ArrayList<org.jorgecardoso.purewidgets.demo.everybodyvotes.shared.dao.EBVPollOptionDao>' is reachable from field 'pollOptions' of type 'org.jorgecardoso.purewidgets.demo.everybodyvotes.shared.dao.EBVPollDao'
      'org.jorgecardoso.purewidgets.demo.everybodyvotes.shared.dao.EBVPollDao' is reachable as a subtype of type 'class org.jorgecardoso.purewidgets.demo.everybodyvotes.shared.dao.EBVPollDao'
      'org.jorgecardoso.purewidgets.demo.everybodyvotes.shared.dao.EBVPollDao' is reachable from type argument 0 of type 'java.util.LinkedList<E>'
      'java.util.LinkedList<org.jorgecardoso.purewidgets.demo.everybodyvotes.shared.dao.EBVPollDao>' is reachable as a subtype of type 'interface java.util.List<org.jorgecardoso.purewidgets.demo.everybodyvotes.shared.dao.EBVPollDao>'
      Started from 'java.util.List<org.jorgecardoso.purewidgets.demo.everybodyvotes.shared.dao.EBVPollDao>'

