====================================
Types potentially sent from browser:
====================================

Reachable types computed on: Wed Aug 08 19:57:38 WEST 2012
E
   Serialization status
      Not serializable
   Path
      'E' is reachable from field 'exposeElement' of type 'java.util.ArrayList<E>'
      'java.util.ArrayList<java.lang.String>' is reachable as a subtype of type 'class java.util.ArrayList<java.lang.String>'
      Started from 'java.util.ArrayList<java.lang.String>'

com.google.gwt.user.client.rpc.IncompatibleRemoteServiceException
   Serialization status
      Instantiable
   Path
      Started from 'com.google.gwt.user.client.rpc.IncompatibleRemoteServiceException'

com.google.gwt.user.client.rpc.XsrfToken
   Serialization status
      Instantiable
   Path
      Started from 'com.google.gwt.user.client.rpc.XsrfToken'

int
   Serialization status
      Not serializable
   Path
      'int' is reachable from field 'size' of type 'java.util.ArrayList<E>'
      'java.util.ArrayList<java.lang.String>' is reachable as a subtype of type 'class java.util.ArrayList<java.lang.String>'
      Started from 'java.util.ArrayList<java.lang.String>'

java.lang.Exception
   Serialization status
      Field serializable
   Path
      'java.lang.Exception' is reachable as a supertype of type 'class java.lang.RuntimeException'
      'java.lang.RuntimeException' is reachable as a supertype of type 'class com.google.gwt.user.client.rpc.IncompatibleRemoteServiceException'
      'com.google.gwt.user.client.rpc.IncompatibleRemoteServiceException' is reachable as a subtype of type 'class com.google.gwt.user.client.rpc.IncompatibleRemoteServiceException'
      Started from 'com.google.gwt.user.client.rpc.IncompatibleRemoteServiceException'

java.lang.RuntimeException
   Serialization status
      Field serializable
   Path
      'java.lang.RuntimeException' is reachable as a supertype of type 'class com.google.gwt.user.client.rpc.IncompatibleRemoteServiceException'
      'com.google.gwt.user.client.rpc.IncompatibleRemoteServiceException' is reachable as a subtype of type 'class com.google.gwt.user.client.rpc.IncompatibleRemoteServiceException'
      Started from 'com.google.gwt.user.client.rpc.IncompatibleRemoteServiceException'

java.lang.String
   Serialization status
      Instantiable
   Path
      Started from 'java.lang.String'

java.lang.Throwable
   Serialization status
      Field serializable
   Path
      'java.lang.Throwable' is reachable as a supertype of type 'class java.lang.Exception'
      'java.lang.Exception' is reachable as a supertype of type 'class java.lang.RuntimeException'
      'java.lang.RuntimeException' is reachable as a supertype of type 'class com.google.gwt.user.client.rpc.IncompatibleRemoteServiceException'
      'com.google.gwt.user.client.rpc.IncompatibleRemoteServiceException' is reachable as a subtype of type 'class com.google.gwt.user.client.rpc.IncompatibleRemoteServiceException'
      Started from 'com.google.gwt.user.client.rpc.IncompatibleRemoteServiceException'

java.util.ArrayList<java.lang.String>
   Serialization status
      Instantiable
   Path
      Started from 'java.util.ArrayList<java.lang.String>'

===================================
Types potentially sent from server:
===================================

Reachable types computed on: Wed Aug 08 19:57:38 WEST 2012
K
   Serialization status
      Not serializable
   Path
      'K' is reachable from field 'exposeKey' of type 'java.util.HashMap<K, V>'
      'java.util.HashMap<java.lang.String, java.lang.String>' is reachable as a subtype of type 'interface java.util.Map<java.lang.String, java.lang.String>'
      Started from 'java.util.Map<java.lang.String, java.lang.String>'

K
   Serialization status
      Not serializable
   Path
      'K' is reachable from field 'exposeKeyType' of type 'java.util.TreeMap<K, V>'
      'java.util.TreeMap<java.lang.String, java.lang.String>' is reachable as a subtype of type 'interface java.util.Map<java.lang.String, java.lang.String>'
      Started from 'java.util.Map<java.lang.String, java.lang.String>'

K
   Serialization status
      Not serializable
   Path
      'K' is reachable from field 'exposeKey' of type 'java.util.IdentityHashMap<K, V>'
      'java.util.IdentityHashMap<java.lang.String, java.lang.String>' is reachable as a subtype of type 'interface java.util.Map<java.lang.String, java.lang.String>'
      Started from 'java.util.Map<java.lang.String, java.lang.String>'

V
   Serialization status
      Not serializable
   Path
      'V' is reachable from field 'exposeValueType' of type 'java.util.TreeMap<K, V>'
      'java.util.TreeMap<java.lang.String, java.lang.String>' is reachable as a subtype of type 'interface java.util.Map<java.lang.String, java.lang.String>'
      Started from 'java.util.Map<java.lang.String, java.lang.String>'

V
   Serialization status
      Not serializable
   Path
      'V' is reachable from field 'exposeValue' of type 'java.util.IdentityHashMap<K, V>'
      'java.util.IdentityHashMap<java.lang.String, java.lang.String>' is reachable as a subtype of type 'interface java.util.Map<java.lang.String, java.lang.String>'
      Started from 'java.util.Map<java.lang.String, java.lang.String>'

V
   Serialization status
      Not serializable
   Path
      'V' is reachable from field 'exposeValue' of type 'java.util.HashMap<K, V>'
      'java.util.HashMap<java.lang.String, java.lang.String>' is reachable as a subtype of type 'interface java.util.Map<java.lang.String, java.lang.String>'
      Started from 'java.util.Map<java.lang.String, java.lang.String>'

boolean
   Serialization status
      Not serializable
   Path
      'boolean' is reachable from field 'desc' of type 'org.purewidgets.shared.widgets.TagCloud.AlphaTagComparator'
      'org.purewidgets.shared.widgets.TagCloud.AlphaTagComparator' is reachable as a subtype of type 'interface java.util.Comparator<? super K>'
      'java.util.Comparator<? super K>' is reachable from field 'cmp' of type 'java.util.TreeMap<K, V>'
      'java.util.TreeMap<java.lang.String, java.lang.String>' is reachable as a subtype of type 'interface java.util.Map<java.lang.String, java.lang.String>'
      Started from 'java.util.Map<java.lang.String, java.lang.String>'

com.google.gwt.user.client.rpc.IncompatibleRemoteServiceException
   Serialization status
      Instantiable
   Path
      Started from 'com.google.gwt.user.client.rpc.IncompatibleRemoteServiceException'

com.google.gwt.user.client.rpc.RpcTokenException
   Serialization status
      Instantiable
   Path
      Started from 'com.google.gwt.user.client.rpc.RpcTokenException'

int
   Serialization status
      Not serializable
   Path
      'int' is reachable from field 'size' of type 'java.util.TreeMap<K, V>'
      'java.util.TreeMap<java.lang.String, java.lang.String>' is reachable as a subtype of type 'interface java.util.Map<java.lang.String, java.lang.String>'
      Started from 'java.util.Map<java.lang.String, java.lang.String>'

java.lang.Exception
   Serialization status
      Field serializable
   Path
      'java.lang.Exception' is reachable as a supertype of type 'class java.lang.RuntimeException'
      'java.lang.RuntimeException' is reachable as a supertype of type 'class com.google.gwt.user.client.rpc.IncompatibleRemoteServiceException'
      'com.google.gwt.user.client.rpc.IncompatibleRemoteServiceException' is reachable as a subtype of type 'class com.google.gwt.user.client.rpc.IncompatibleRemoteServiceException'
      Started from 'com.google.gwt.user.client.rpc.IncompatibleRemoteServiceException'

java.lang.RuntimeException
   Serialization status
      Field serializable
   Path
      'java.lang.RuntimeException' is reachable as a supertype of type 'class com.google.gwt.user.client.rpc.IncompatibleRemoteServiceException'
      'com.google.gwt.user.client.rpc.IncompatibleRemoteServiceException' is reachable as a subtype of type 'class com.google.gwt.user.client.rpc.IncompatibleRemoteServiceException'
      Started from 'com.google.gwt.user.client.rpc.IncompatibleRemoteServiceException'

java.lang.String
   Serialization status
      Instantiable
   Path
      Started from 'java.lang.String'

java.lang.String[]
   Serialization status
      Instantiable
   Path
      Started from 'java.lang.String[]'

java.lang.Throwable
   Serialization status
      Field serializable
   Path
      'java.lang.Throwable' is reachable as a supertype of type 'class java.lang.Exception'
      'java.lang.Exception' is reachable as a supertype of type 'class java.lang.RuntimeException'
      'java.lang.RuntimeException' is reachable as a supertype of type 'class com.google.gwt.user.client.rpc.IncompatibleRemoteServiceException'
      'com.google.gwt.user.client.rpc.IncompatibleRemoteServiceException' is reachable as a subtype of type 'class com.google.gwt.user.client.rpc.IncompatibleRemoteServiceException'
      Started from 'com.google.gwt.user.client.rpc.IncompatibleRemoteServiceException'

java.util.Collections.EmptyMap
   Serialization status
      Instantiable
   Path
      'java.util.Collections.EmptyMap' is reachable as a subtype of type 'interface java.util.Map<java.lang.String, java.lang.String>'
      Started from 'java.util.Map<java.lang.String, java.lang.String>'

java.util.Comparator<? super K>
   Serialization status
      Not serializable
   Path
      'java.util.Comparator<? super K>' is reachable from field 'cmp' of type 'java.util.TreeMap<K, V>'
      'java.util.TreeMap<java.lang.String, java.lang.String>' is reachable as a subtype of type 'interface java.util.Map<java.lang.String, java.lang.String>'
      Started from 'java.util.Map<java.lang.String, java.lang.String>'

java.util.HashMap<java.lang.String, java.lang.String>
   Serialization status
      Instantiable
   Path
      'java.util.HashMap<java.lang.String, java.lang.String>' is reachable as a subtype of type 'interface java.util.Map<java.lang.String, java.lang.String>'
      Started from 'java.util.Map<java.lang.String, java.lang.String>'

java.util.IdentityHashMap<java.lang.String, java.lang.String>
   Serialization status
      Instantiable
   Path
      'java.util.IdentityHashMap<java.lang.String, java.lang.String>' is reachable as a subtype of type 'interface java.util.Map<java.lang.String, java.lang.String>'
      Started from 'java.util.Map<java.lang.String, java.lang.String>'

java.util.LinkedHashMap<java.lang.String, java.lang.String>
   Serialization status
      Instantiable
   Path
      'java.util.LinkedHashMap<java.lang.String, java.lang.String>' is reachable as a subtype of type 'interface java.util.Map<java.lang.String, java.lang.String>'
      Started from 'java.util.Map<java.lang.String, java.lang.String>'

java.util.Map<java.lang.String, java.lang.String>
   Serialization status
      Not serializable
   Path
      Started from 'java.util.Map<java.lang.String, java.lang.String>'

java.util.TreeMap<java.lang.String, java.lang.String>
   Serialization status
      Instantiable
   Path
      'java.util.TreeMap<java.lang.String, java.lang.String>' is reachable as a subtype of type 'interface java.util.Map<java.lang.String, java.lang.String>'
      Started from 'java.util.Map<java.lang.String, java.lang.String>'

org.purewidgets.shared.widgets.TagCloud.AlphaTagComparator
   Serialization status
      Instantiable
   Path
      'org.purewidgets.shared.widgets.TagCloud.AlphaTagComparator' is reachable as a subtype of type 'interface java.util.Comparator<? super K>'
      'java.util.Comparator<? super K>' is reachable from field 'cmp' of type 'java.util.TreeMap<K, V>'
      'java.util.TreeMap<java.lang.String, java.lang.String>' is reachable as a subtype of type 'interface java.util.Map<java.lang.String, java.lang.String>'
      Started from 'java.util.Map<java.lang.String, java.lang.String>'

org.purewidgets.shared.widgets.TagCloud.FrequencyTagComparator
   Serialization status
      Instantiable
   Path
      'org.purewidgets.shared.widgets.TagCloud.FrequencyTagComparator' is reachable as a subtype of type 'interface java.util.Comparator<? super K>'
      'java.util.Comparator<? super K>' is reachable from field 'cmp' of type 'java.util.TreeMap<K, V>'
      'java.util.TreeMap<java.lang.String, java.lang.String>' is reachable as a subtype of type 'interface java.util.Map<java.lang.String, java.lang.String>'
      Started from 'java.util.Map<java.lang.String, java.lang.String>'

